<?xml version="1.0" encoding="UTF-8"?>
<testsuite name="concurrency.SampleThreadTest" tests="1" skipped="0" failures="0" errors="0" timestamp="2021-10-02T19:51:54" hostname="ARON-DESKTOP" time="0.015">
  <properties/>
  <testcase name="test()" classname="concurrency.SampleThreadTest" time="0.015"/>
  <system-out><![CDATA[Thread created.
]]></system-out>
  <system-err><![CDATA[]]></system-err>
</testsuite>
