<?xml version="1.0" encoding="UTF-8"?>
<testsuite name="GenericClassTest" tests="1" skipped="0" failures="0" errors="0" timestamp="2021-09-27T13:45:20" hostname="ARON-DESKTOP" time="0.022">
  <properties/>
  <testcase name="myTypeTest()" classname="GenericClassTest" time="0.022"/>
  <system-out><![CDATA[Boolean Value :true

String Value :I'm a string
]]></system-out>
  <system-err><![CDATA[]]></system-err>
</testsuite>
