<?xml version="1.0" encoding="UTF-8"?>
<testsuite name="SortTest" tests="1" skipped="0" failures="0" errors="0" timestamp="2021-09-23T13:47:40" hostname="ARON-DESKTOP" time="0.015">
  <properties/>
  <testcase name="mergeSort()" classname="SortTest" time="0.015"/>
  <system-out><![CDATA[[1, 2, 3, 5, 6]
]]></system-out>
  <system-err><![CDATA[]]></system-err>
</testsuite>
